Resolved 29 packages in 59ms
Downloading nvidia-nvshmem-cu13 (57.6MiB)
Downloading nvidia-cusparselt-cu13 (162.0MiB)
Downloading nvidia-cublas (403.5MiB)
Downloading nvidia-cudnn-cu13 (349.1MiB)
Downloading sympy (6.0MiB)
Downloading nvidia-cuda-nvrtc (86.0MiB)
Downloading cuda-bindings (6.0MiB)
Downloading nvidia-cuda-runtime (2.1MiB)
Downloading nvidia-cufft (204.2MiB)
Downloading torch (506.1MiB)
Downloading nvidia-cusolver (191.6MiB)
Downloading triton (179.5MiB)
Downloading nvidia-cuda-cupti (10.2MiB)
Downloading nvidia-nvjitlink (38.8MiB)
Downloading nvidia-cusparse (139.2MiB)
Downloading nvidia-curand (56.8MiB)
Downloading nvidia-nccl-cu13 (187.4MiB)
 Downloaded nvidia-cuda-runtime
 Downloaded cuda-bindings
 Downloaded sympy
 Downloaded nvidia-cuda-cupti
 Downloaded nvidia-nvjitlink
 Downloaded nvidia-curand
 Downloaded nvidia-nvshmem-cu13
 Downloaded nvidia-cuda-nvrtc
 Downloaded nvidia-cusparse
 Downloaded nvidia-cusparselt-cu13
 Downloaded triton
 Downloaded nvidia-nccl-cu13
 Downloaded nvidia-cusolver
 Downloaded nvidia-cufft
 Downloaded nvidia-cudnn-cu13
 Downloaded nvidia-cublas
 Downloaded torch
Prepared 17 packages in 28.90s
Uninstalled 1 package in 2ms
Installed 29 packages in 78ms
 + cuda-bindings==13.2.0
 + cuda-pathfinder==1.5.3
 + cuda-toolkit==13.0.2
 + filelock==3.28.0
 + fsspec==2026.3.0
 + jinja2==3.1.6
 + markupsafe==3.0.3
 + mpmath==1.3.0
 + networkx==3.6.1
 + nvidia-cublas==13.1.0.3
 + nvidia-cuda-cupti==13.0.85
 + nvidia-cuda-nvrtc==13.0.88
 + nvidia-cuda-runtime==13.0.96
 + nvidia-cudnn-cu13==9.19.0.56
 + nvidia-cufft==12.0.0.61
 + nvidia-cufile==1.15.1.6
 + nvidia-curand==10.4.0.35
 + nvidia-cusolver==12.0.4.66
 + nvidia-cusparse==12.6.3.3
 + nvidia-cusparselt-cu13==0.8.0
 + nvidia-nccl-cu13==2.28.9
 + nvidia-nvjitlink==13.0.88
 + nvidia-nvshmem-cu13==3.4.5
 + nvidia-nvtx==13.0.85
 - setuptools==82.0.1
 + setuptools==81.0.0
 + sympy==1.14.0
 + torch==2.11.0
 + triton==3.6.0
 + typing-extensions==4.15.0
